# JRE version: OpenJDK Runtime Environment (22.0.2+9) (build 22.0.2+9-70)
# Java VM: OpenJDK 64-Bit Server VM (22.0.2+9-70, mixed mode, sharing, tiered, compressed oops, compressed class ptrs, g1 gc, windows-amd64)
GC Precious Log:
 CardTable entry size: 512
 Card Set container configuration: InlinePtr #cards 5 size 8 Array Of Cards #cards 12 size 40 Howl #buckets 4 coarsen threshold 1843 Howl Bitmap #cards 512 size 80 coarsen threshold 460 Card regions per heap region 1 cards per card region 2048
 CPUs: 8 total, 8 available
 Memory: 5965M
 Large Page Support: Disabled
 NUMA Support: Disabled
 Compressed Oops: Enabled (32-bit)
 Heap Region Size: 1M
 Heap Min Capacity: 8M
 Heap Initial Capacity: 94M
 Heap Max Capacity: 1492M
 Pre-touch: Disabled
 Parallel Workers: 8
 Concurrent Workers: 2
 Concurrent Refinement Workers: 8
 Periodic GC: Disabled
Heap:
 garbage-first heap   total reserved 1527808K, committed 113664K, used 57164K [0x00000000a2c00000, 0x0000000100000000)
  region size 1024K, 17 young (17408K), 6 survivors (6144K)
 Metaspace       used 85867K, committed 86656K, reserved 1179648K
  class space    used 12054K, committed 12416K, reserved 1048576K
GC Heap History (20 events):
Event: 22.355 GC heap before
{Heap before GC invocations=21 (full 0):
 garbage-first heap   total reserved 1527808K, committed 58368K, used 50025K [0x00000000a2c00000, 0x0000000100000000)
  region size 1024K, 21 young (21504K), 3 survivors (3072K)
 Metaspace       used 72049K, committed 72832K, reserved 1114112K
  class space    used 9889K, committed 10240K, reserved 1048576K
}
Event: 22.359 GC heap after
{Heap after GC invocations=22 (full 0):
 garbage-first heap   total reserved 1527808K, committed 58368K, used 33954K [0x00000000a2c00000, 0x0000000100000000)
  region size 1024K, 3 young (3072K), 3 survivors (3072K)
 Metaspace       used 72049K, committed 72832K, reserved 1114112K
  class space    used 9889K, committed 10240K, reserved 1048576K
}
Event: 22.882 GC heap before
{Heap before GC invocations=22 (full 0):
 garbage-first heap   total reserved 1527808K, committed 58368K, used 50338K [0x00000000a2c00000, 0x0000000100000000)
  region size 1024K, 19 young (19456K), 3 survivors (3072K)
 Metaspace       used 75164K, committed 75904K, reserved 1179648K
  class space    used 10531K, committed 10880K, reserved 1048576K
}
Event: 22.886 GC heap after
{Heap after GC invocations=23 (full 0):
 garbage-first heap   total reserved 1527808K, committed 70656K, used 35149K [0x00000000a2c00000, 0x0000000100000000)
  region size 1024K, 3 young (3072K), 3 survivors (3072K)
 Metaspace       used 75164K, committed 75904K, reserved 1179648K
  class space    used 10531K, committed 10880K, reserved 1048576K
}
Event: 23.115 GC heap before
{Heap before GC invocations=23 (full 0):
 garbage-first heap   total reserved 1527808K, committed 70656K, used 61773K [0x00000000a2c00000, 0x0000000100000000)
  region size 1024K, 30 young (30720K), 3 survivors (3072K)
 Metaspace       used 76494K, committed 77184K, reserved 1179648K
  class space    used 10700K, committed 11008K, reserved 1048576K
}
Event: 23.120 GC heap after
{Heap after GC invocations=24 (full 0):
 garbage-first heap   total reserved 1527808K, committed 70656K, used 38309K [0x00000000a2c00000, 0x0000000100000000)
  region size 1024K, 4 young (4096K), 4 survivors (4096K)
 Metaspace       used 76494K, committed 77184K, reserved 1179648K
  class space    used 10700K, committed 11008K, reserved 1048576K
}
Event: 23.223 GC heap before
{Heap before GC invocations=24 (full 0):
 garbage-first heap   total reserved 1527808K, committed 70656K, used 61861K [0x00000000a2c00000, 0x0000000100000000)
  region size 1024K, 27 young (27648K), 4 survivors (4096K)
 Metaspace       used 76509K, committed 77248K, reserved 1179648K
  class space    used 10700K, committed 11008K, reserved 1048576K
}
Event: 23.230 GC heap after
{Heap after GC invocations=25 (full 0):
 garbage-first heap   total reserved 1527808K, committed 72704K, used 44580K [0x00000000a2c00000, 0x0000000100000000)
  region size 1024K, 4 young (4096K), 4 survivors (4096K)
 Metaspace       used 76509K, committed 77248K, reserved 1179648K
  class space    used 10700K, committed 11008K, reserved 1048576K
}
Event: 23.288 GC heap before
{Heap before GC invocations=25 (full 0):
 garbage-first heap   total reserved 1527808K, committed 72704K, used 63012K [0x00000000a2c00000, 0x0000000100000000)
  region size 1024K, 22 young (22528K), 4 survivors (4096K)
 Metaspace       used 76518K, committed 77248K, reserved 1179648K
  class space    used 10700K, committed 11008K, reserved 1048576K
}
Event: 23.295 GC heap after
{Heap after GC invocations=26 (full 0):
 garbage-first heap   total reserved 1527808K, committed 73728K, used 51042K [0x00000000a2c00000, 0x0000000100000000)
  region size 1024K, 3 young (3072K), 3 survivors (3072K)
 Metaspace       used 76518K, committed 77248K, reserved 1179648K
  class space    used 10700K, committed 11008K, reserved 1048576K
}
Event: 23.499 GC heap before
{Heap before GC invocations=27 (full 0):
 garbage-first heap   total reserved 1527808K, committed 86016K, used 63330K [0x00000000a2c00000, 0x0000000100000000)
  region size 1024K, 15 young (15360K), 3 survivors (3072K)
 Metaspace       used 76955K, committed 77696K, reserved 1179648K
  class space    used 10820K, committed 11136K, reserved 1048576K
}
Event: 23.502 GC heap after
{Heap after GC invocations=28 (full 0):
 garbage-first heap   total reserved 1527808K, committed 86016K, used 52636K [0x00000000a2c00000, 0x0000000100000000)
  region size 1024K, 1 young (1024K), 1 survivors (1024K)
 Metaspace       used 76955K, committed 77696K, reserved 1179648K
  class space    used 10820K, committed 11136K, reserved 1048576K
}
Event: 23.969 GC heap before
{Heap before GC invocations=28 (full 0):
 garbage-first heap   total reserved 1527808K, committed 86016K, used 74140K [0x00000000a2c00000, 0x0000000100000000)
  region size 1024K, 22 young (22528K), 1 survivors (1024K)
 Metaspace       used 78335K, committed 79104K, reserved 1179648K
  class space    used 10993K, committed 11328K, reserved 1048576K
}
Event: 23.973 GC heap after
{Heap after GC invocations=29 (full 0):
 garbage-first heap   total reserved 1527808K, committed 86016K, used 53870K [0x00000000a2c00000, 0x0000000100000000)
  region size 1024K, 3 young (3072K), 3 survivors (3072K)
 Metaspace       used 78335K, committed 79104K, reserved 1179648K
  class space    used 10993K, committed 11328K, reserved 1048576K
}
Event: 24.477 GC heap before
{Heap before GC invocations=29 (full 0):
 garbage-first heap   total reserved 1527808K, committed 86016K, used 74350K [0x00000000a2c00000, 0x0000000100000000)
  region size 1024K, 23 young (23552K), 3 survivors (3072K)
 Metaspace       used 79596K, committed 80320K, reserved 1179648K
  class space    used 11199K, committed 11520K, reserved 1048576K
}
Event: 24.481 GC heap after
{Heap after GC invocations=30 (full 0):
 garbage-first heap   total reserved 1527808K, committed 86016K, used 55055K [0x00000000a2c00000, 0x0000000100000000)
  region size 1024K, 3 young (3072K), 3 survivors (3072K)
 Metaspace       used 79596K, committed 80320K, reserved 1179648K
  class space    used 11199K, committed 11520K, reserved 1048576K
}
Event: 24.910 GC heap before
{Heap before GC invocations=31 (full 0):
 garbage-first heap   total reserved 1527808K, committed 89088K, used 73487K [0x00000000a2c00000, 0x0000000100000000)
  region size 1024K, 24 young (24576K), 3 survivors (3072K)
 Metaspace       used 80145K, committed 80896K, reserved 1179648K
  class space    used 11282K, committed 11648K, reserved 1048576K
}
Event: 24.915 GC heap after
{Heap after GC invocations=32 (full 0):
 garbage-first heap   total reserved 1527808K, committed 113664K, used 53078K [0x00000000a2c00000, 0x0000000100000000)
  region size 1024K, 3 young (3072K), 3 survivors (3072K)
 Metaspace       used 80145K, committed 80896K, reserved 1179648K
  class space    used 11282K, committed 11648K, reserved 1048576K
}
Event: 25.784 GC heap before
{Heap before GC invocations=32 (full 0):
 garbage-first heap   total reserved 1527808K, committed 113664K, used 96086K [0x00000000a2c00000, 0x0000000100000000)
  region size 1024K, 45 young (46080K), 3 survivors (3072K)
 Metaspace       used 83071K, committed 83968K, reserved 1179648K
  class space    used 11693K, committed 12096K, reserved 1048576K
}
Event: 25.790 GC heap after
{Heap after GC invocations=33 (full 0):
 garbage-first heap   total reserved 1527808K, committed 113664K, used 46924K [0x00000000a2c00000, 0x0000000100000000)
  region size 1024K, 6 young (6144K), 6 survivors (6144K)
 Metaspace       used 83071K, committed 83968K, reserved 1179648K
  class space    used 11693K, committed 12096K, reserved 1048576K
}

