# JRE version: OpenJDK Runtime Environment (22.0.2+9) (build 22.0.2+9-70)
# Java VM: OpenJDK 64-Bit Server VM (22.0.2+9-70, mixed mode, sharing, tiered, compressed oops, compressed class ptrs, g1 gc, windows-amd64)
GC Precious Log:
 CardTable entry size: 512
 Card Set container configuration: InlinePtr #cards 5 size 8 Array Of Cards #cards 12 size 40 Howl #buckets 4 coarsen threshold 1843 Howl Bitmap #cards 512 size 80 coarsen threshold 460 Card regions per heap region 1 cards per card region 2048
 CPUs: 8 total, 8 available
 Memory: 5965M
 Large Page Support: Disabled
 NUMA Support: Disabled
 Compressed Oops: Enabled (32-bit)
 Heap Region Size: 1M
 Heap Min Capacity: 8M
 Heap Initial Capacity: 94M
 Heap Max Capacity: 1492M
 Pre-touch: Disabled
 Parallel Workers: 8
 Concurrent Workers: 2
 Concurrent Refinement Workers: 8
 Periodic GC: Disabled
Heap:
 garbage-first heap   total reserved 1527808K, committed 84992K, used 47727K [0x00000000a2c00000, 0x0000000100000000)
  region size 1024K, 10 young (10240K), 5 survivors (5120K)
 Metaspace       used 83449K, committed 84224K, reserved 1179648K
  class space    used 11751K, committed 12096K, reserved 1048576K
GC Heap History (20 events):
Event: 13.485 GC heap before
{Heap before GC invocations=19 (full 0):
 garbage-first heap   total reserved 1527808K, committed 58368K, used 49894K [0x00000000a2c00000, 0x0000000100000000)
  region size 1024K, 21 young (21504K), 3 survivors (3072K)
 Metaspace       used 70923K, committed 71616K, reserved 1114112K
  class space    used 9732K, committed 10048K, reserved 1048576K
}
Event: 13.494 GC heap after
{Heap after GC invocations=20 (full 0):
 garbage-first heap   total reserved 1527808K, committed 58368K, used 32811K [0x00000000a2c00000, 0x0000000100000000)
  region size 1024K, 3 young (3072K), 3 survivors (3072K)
 Metaspace       used 70923K, committed 71616K, reserved 1114112K
  class space    used 9732K, committed 10048K, reserved 1048576K
}
Event: 13.901 GC heap before
{Heap before GC invocations=20 (full 0):
 garbage-first heap   total reserved 1527808K, committed 58368K, used 50219K [0x00000000a2c00000, 0x0000000100000000)
  region size 1024K, 20 young (20480K), 3 survivors (3072K)
 Metaspace       used 72056K, committed 72768K, reserved 1114112K
  class space    used 9877K, committed 10176K, reserved 1048576K
}
Event: 13.905 GC heap after
{Heap after GC invocations=21 (full 0):
 garbage-first heap   total reserved 1527808K, committed 58368K, used 33859K [0x00000000a2c00000, 0x0000000100000000)
  region size 1024K, 3 young (3072K), 3 survivors (3072K)
 Metaspace       used 72056K, committed 72768K, reserved 1114112K
  class space    used 9877K, committed 10176K, reserved 1048576K
}
Event: 14.368 GC heap before
{Heap before GC invocations=22 (full 0):
 garbage-first heap   total reserved 1527808K, committed 58368K, used 49219K [0x00000000a2c00000, 0x0000000100000000)
  region size 1024K, 19 young (19456K), 3 survivors (3072K)
 Metaspace       used 74552K, committed 75328K, reserved 1179648K
  class space    used 10353K, committed 10688K, reserved 1048576K
}
Event: 14.372 GC heap after
{Heap after GC invocations=23 (full 0):
 garbage-first heap   total reserved 1527808K, committed 70656K, used 35339K [0x00000000a2c00000, 0x0000000100000000)
  region size 1024K, 3 young (3072K), 3 survivors (3072K)
 Metaspace       used 74552K, committed 75328K, reserved 1179648K
  class space    used 10353K, committed 10688K, reserved 1048576K
}
Event: 14.678 GC heap before
{Heap before GC invocations=23 (full 0):
 garbage-first heap   total reserved 1527808K, committed 70656K, used 61963K [0x00000000a2c00000, 0x0000000100000000)
  region size 1024K, 30 young (30720K), 3 survivors (3072K)
 Metaspace       used 76509K, committed 77248K, reserved 1179648K
  class space    used 10708K, committed 11008K, reserved 1048576K
}
Event: 14.684 GC heap after
{Heap after GC invocations=24 (full 0):
 garbage-first heap   total reserved 1527808K, committed 70656K, used 36927K [0x00000000a2c00000, 0x0000000100000000)
  region size 1024K, 4 young (4096K), 4 survivors (4096K)
 Metaspace       used 76509K, committed 77248K, reserved 1179648K
  class space    used 10708K, committed 11008K, reserved 1048576K
}
Event: 14.763 GC heap before
{Heap before GC invocations=24 (full 0):
 garbage-first heap   total reserved 1527808K, committed 70656K, used 61503K [0x00000000a2c00000, 0x0000000100000000)
  region size 1024K, 28 young (28672K), 4 survivors (4096K)
 Metaspace       used 76526K, committed 77248K, reserved 1179648K
  class space    used 10708K, committed 11008K, reserved 1048576K
}
Event: 14.769 GC heap after
{Heap after GC invocations=25 (full 0):
 garbage-first heap   total reserved 1527808K, committed 70656K, used 39924K [0x00000000a2c00000, 0x0000000100000000)
  region size 1024K, 4 young (4096K), 4 survivors (4096K)
 Metaspace       used 76526K, committed 77248K, reserved 1179648K
  class space    used 10708K, committed 11008K, reserved 1048576K
}
Event: 14.861 GC heap before
{Heap before GC invocations=26 (full 0):
 garbage-first heap   total reserved 1527808K, committed 70656K, used 61428K [0x00000000a2c00000, 0x0000000100000000)
  region size 1024K, 26 young (26624K), 4 survivors (4096K)
 Metaspace       used 76528K, committed 77248K, reserved 1179648K
  class space    used 10708K, committed 11008K, reserved 1048576K
}
Event: 14.863 GC heap after
{Heap after GC invocations=27 (full 0):
 garbage-first heap   total reserved 1527808K, committed 70656K, used 37286K [0x00000000a2c00000, 0x0000000100000000)
  region size 1024K, 1 young (1024K), 1 survivors (1024K)
 Metaspace       used 76528K, committed 77248K, reserved 1179648K
  class space    used 10708K, committed 11008K, reserved 1048576K
}
Event: 15.375 GC heap before
{Heap before GC invocations=27 (full 0):
 garbage-first heap   total reserved 1527808K, committed 70656K, used 62886K [0x00000000a2c00000, 0x0000000100000000)
  region size 1024K, 27 young (27648K), 1 survivors (1024K)
 Metaspace       used 77788K, committed 78528K, reserved 1179648K
  class space    used 10930K, committed 11264K, reserved 1048576K
}
Event: 15.381 GC heap after
{Heap after GC invocations=28 (full 0):
 garbage-first heap   total reserved 1527808K, committed 70656K, used 38415K [0x00000000a2c00000, 0x0000000100000000)
  region size 1024K, 3 young (3072K), 3 survivors (3072K)
 Metaspace       used 77788K, committed 78528K, reserved 1179648K
  class space    used 10930K, committed 11264K, reserved 1048576K
}
Event: 15.970 GC heap before
{Heap before GC invocations=28 (full 0):
 garbage-first heap   total reserved 1527808K, committed 70656K, used 61967K [0x00000000a2c00000, 0x0000000100000000)
  region size 1024K, 26 young (26624K), 3 survivors (3072K)
 Metaspace       used 79547K, committed 80256K, reserved 1179648K
  class space    used 11194K, committed 11520K, reserved 1048576K
}
Event: 15.975 GC heap after
{Heap after GC invocations=29 (full 0):
 garbage-first heap   total reserved 1527808K, committed 84992K, used 39764K [0x00000000a2c00000, 0x0000000100000000)
  region size 1024K, 4 young (4096K), 4 survivors (4096K)
 Metaspace       used 79547K, committed 80256K, reserved 1179648K
  class space    used 11194K, committed 11520K, reserved 1048576K
}
Event: 16.594 GC heap before
{Heap before GC invocations=30 (full 0):
 garbage-first heap   total reserved 1527808K, committed 84992K, used 74580K [0x00000000a2c00000, 0x0000000100000000)
  region size 1024K, 38 young (38912K), 4 survivors (4096K)
 Metaspace       used 80546K, committed 81280K, reserved 1179648K
  class space    used 11340K, committed 11648K, reserved 1048576K
}
Event: 16.599 GC heap after
{Heap after GC invocations=31 (full 0):
 garbage-first heap   total reserved 1527808K, committed 84992K, used 41613K [0x00000000a2c00000, 0x0000000100000000)
  region size 1024K, 4 young (4096K), 4 survivors (4096K)
 Metaspace       used 80546K, committed 81280K, reserved 1179648K
  class space    used 11340K, committed 11648K, reserved 1048576K
}
Event: 17.417 GC heap before
{Heap before GC invocations=31 (full 0):
 garbage-first heap   total reserved 1527808K, committed 84992K, used 74381K [0x00000000a2c00000, 0x0000000100000000)
  region size 1024K, 36 young (36864K), 4 survivors (4096K)
 Metaspace       used 82867K, committed 83712K, reserved 1179648K
  class space    used 11681K, committed 12032K, reserved 1048576K
}
Event: 17.423 GC heap after
{Heap after GC invocations=32 (full 0):
 garbage-first heap   total reserved 1527808K, committed 84992K, used 43631K [0x00000000a2c00000, 0x0000000100000000)
  region size 1024K, 5 young (5120K), 5 survivors (5120K)
 Metaspace       used 82867K, committed 83712K, reserved 1179648K
  class space    used 11681K, committed 12032K, reserved 1048576K
}

