# JRE version: OpenJDK Runtime Environment (22.0.2+9) (build 22.0.2+9-70)
# Java VM: OpenJDK 64-Bit Server VM (22.0.2+9-70, mixed mode, sharing, tiered, compressed oops, compressed class ptrs, g1 gc, windows-amd64)
GC Precious Log:
 CardTable entry size: 512
 Card Set container configuration: InlinePtr #cards 5 size 8 Array Of Cards #cards 12 size 40 Howl #buckets 4 coarsen threshold 1843 Howl Bitmap #cards 512 size 80 coarsen threshold 460 Card regions per heap region 1 cards per card region 2048
 CPUs: 8 total, 8 available
 Memory: 5965M
 Large Page Support: Disabled
 NUMA Support: Disabled
 Compressed Oops: Enabled (32-bit)
 Heap Region Size: 1M
 Heap Min Capacity: 8M
 Heap Initial Capacity: 94M
 Heap Max Capacity: 1492M
 Pre-touch: Disabled
 Parallel Workers: 8
 Concurrent Workers: 2
 Concurrent Refinement Workers: 8
 Periodic GC: Disabled
Heap:
 garbage-first heap   total reserved 1527808K, committed 58368K, used 44503K [0x00000000a2c00000, 0x0000000100000000)
  region size 1024K, 24 young (24576K), 3 survivors (3072K)
 Metaspace       used 47933K, committed 48512K, reserved 1114112K
  class space    used 6411K, committed 6656K, reserved 1048576K
GC Heap History (20 events):
Event: 1.987 GC heap before
{Heap before GC invocations=1 (full 0):
 garbage-first heap   total reserved 1527808K, committed 96256K, used 36800K [0x00000000a2c00000, 0x0000000100000000)
  region size 1024K, 31 young (31744K), 3 survivors (3072K)
 Metaspace       used 13883K, committed 14144K, reserved 1114112K
  class space    used 1839K, committed 1984K, reserved 1048576K
}
Event: 1.994 GC heap after
{Heap after GC invocations=2 (full 0):
 garbage-first heap   total reserved 1527808K, committed 96256K, used 10501K [0x00000000a2c00000, 0x0000000100000000)
  region size 1024K, 3 young (3072K), 3 survivors (3072K)
 Metaspace       used 13883K, committed 14144K, reserved 1114112K
  class space    used 1839K, committed 1984K, reserved 1048576K
}
Event: 2.466 GC heap before
{Heap before GC invocations=2 (full 0):
 garbage-first heap   total reserved 1527808K, committed 96256K, used 41221K [0x00000000a2c00000, 0x0000000100000000)
  region size 1024K, 35 young (35840K), 3 survivors (3072K)
 Metaspace       used 21274K, committed 21504K, reserved 1114112K
  class space    used 2648K, committed 2752K, reserved 1048576K
}
Event: 2.470 GC heap after
{Heap after GC invocations=3 (full 0):
 garbage-first heap   total reserved 1527808K, committed 96256K, used 13459K [0x00000000a2c00000, 0x0000000100000000)
  region size 1024K, 6 young (6144K), 6 survivors (6144K)
 Metaspace       used 21274K, committed 21504K, reserved 1114112K
  class space    used 2648K, committed 2752K, reserved 1048576K
}
Event: 3.029 GC heap before
{Heap before GC invocations=4 (full 0):
 garbage-first heap   total reserved 1527808K, committed 48128K, used 35987K [0x00000000a2c00000, 0x0000000100000000)
  region size 1024K, 28 young (28672K), 6 survivors (6144K)
 Metaspace       used 23872K, committed 24256K, reserved 1114112K
  class space    used 3019K, committed 3200K, reserved 1048576K
}
Event: 3.037 GC heap after
{Heap after GC invocations=5 (full 0):
 garbage-first heap   total reserved 1527808K, committed 48128K, used 16053K [0x00000000a2c00000, 0x0000000100000000)
  region size 1024K, 3 young (3072K), 3 survivors (3072K)
 Metaspace       used 23872K, committed 24256K, reserved 1114112K
  class space    used 3019K, committed 3200K, reserved 1048576K
}
Event: 3.709 GC heap before
{Heap before GC invocations=5 (full 0):
 garbage-first heap   total reserved 1527808K, committed 48128K, used 36533K [0x00000000a2c00000, 0x0000000100000000)
  region size 1024K, 23 young (23552K), 3 survivors (3072K)
 Metaspace       used 26200K, committed 26560K, reserved 1114112K
  class space    used 3332K, committed 3456K, reserved 1048576K
}
Event: 3.714 GC heap after
{Heap after GC invocations=6 (full 0):
 garbage-first heap   total reserved 1527808K, committed 48128K, used 17888K [0x00000000a2c00000, 0x0000000100000000)
  region size 1024K, 2 young (2048K), 2 survivors (2048K)
 Metaspace       used 26200K, committed 26560K, reserved 1114112K
  class space    used 3332K, committed 3456K, reserved 1048576K
}
Event: 4.488 GC heap before
{Heap before GC invocations=6 (full 0):
 garbage-first heap   total reserved 1527808K, committed 48128K, used 38368K [0x00000000a2c00000, 0x0000000100000000)
  region size 1024K, 22 young (22528K), 2 survivors (2048K)
 Metaspace       used 29109K, committed 29504K, reserved 1114112K
  class space    used 3757K, committed 3904K, reserved 1048576K
}
Event: 4.494 GC heap after
{Heap after GC invocations=7 (full 0):
 garbage-first heap   total reserved 1527808K, committed 48128K, used 19989K [0x00000000a2c00000, 0x0000000100000000)
  region size 1024K, 2 young (2048K), 2 survivors (2048K)
 Metaspace       used 29109K, committed 29504K, reserved 1114112K
  class space    used 3757K, committed 3904K, reserved 1048576K
}
Event: 5.288 GC heap before
{Heap before GC invocations=7 (full 0):
 garbage-first heap   total reserved 1527808K, committed 48128K, used 39445K [0x00000000a2c00000, 0x0000000100000000)
  region size 1024K, 21 young (21504K), 2 survivors (2048K)
 Metaspace       used 33177K, committed 33664K, reserved 1114112K
  class space    used 4320K, committed 4544K, reserved 1048576K
}
Event: 5.296 GC heap after
{Heap after GC invocations=8 (full 0):
 garbage-first heap   total reserved 1527808K, committed 48128K, used 21371K [0x00000000a2c00000, 0x0000000100000000)
  region size 1024K, 2 young (2048K), 2 survivors (2048K)
 Metaspace       used 33177K, committed 33664K, reserved 1114112K
  class space    used 4320K, committed 4544K, reserved 1048576K
}
Event: 5.764 GC heap before
{Heap before GC invocations=8 (full 0):
 garbage-first heap   total reserved 1527808K, committed 48128K, used 40827K [0x00000000a2c00000, 0x0000000100000000)
  region size 1024K, 21 young (21504K), 2 survivors (2048K)
 Metaspace       used 35390K, committed 35904K, reserved 1114112K
  class space    used 4627K, committed 4864K, reserved 1048576K
}
Event: 5.770 GC heap after
{Heap after GC invocations=9 (full 0):
 garbage-first heap   total reserved 1527808K, committed 48128K, used 22975K [0x00000000a2c00000, 0x0000000100000000)
  region size 1024K, 2 young (2048K), 2 survivors (2048K)
 Metaspace       used 35390K, committed 35904K, reserved 1114112K
  class space    used 4627K, committed 4864K, reserved 1048576K
}
Event: 5.800 GC heap before
{Heap before GC invocations=9 (full 0):
 garbage-first heap   total reserved 1527808K, committed 48128K, used 22975K [0x00000000a2c00000, 0x0000000100000000)
  region size 1024K, 3 young (3072K), 2 survivors (2048K)
 Metaspace       used 35659K, committed 36160K, reserved 1114112K
  class space    used 4649K, committed 4864K, reserved 1048576K
}
Event: 5.803 GC heap after
{Heap after GC invocations=10 (full 0):
 garbage-first heap   total reserved 1527808K, committed 48128K, used 23052K [0x00000000a2c00000, 0x0000000100000000)
  region size 1024K, 2 young (2048K), 2 survivors (2048K)
 Metaspace       used 35659K, committed 36160K, reserved 1114112K
  class space    used 4649K, committed 4864K, reserved 1048576K
}
Event: 6.360 GC heap before
{Heap before GC invocations=11 (full 0):
 garbage-first heap   total reserved 1527808K, committed 48128K, used 41484K [0x00000000a2c00000, 0x0000000100000000)
  region size 1024K, 20 young (20480K), 2 survivors (2048K)
 Metaspace       used 37731K, committed 38272K, reserved 1114112K
  class space    used 4936K, committed 5184K, reserved 1048576K
}
Event: 6.366 GC heap after
{Heap after GC invocations=12 (full 0):
 garbage-first heap   total reserved 1527808K, committed 58368K, used 24095K [0x00000000a2c00000, 0x0000000100000000)
  region size 1024K, 3 young (3072K), 3 survivors (3072K)
 Metaspace       used 37731K, committed 38272K, reserved 1114112K
  class space    used 4936K, committed 5184K, reserved 1048576K
}
Event: 7.149 GC heap before
{Heap before GC invocations=12 (full 0):
 garbage-first heap   total reserved 1527808K, committed 58368K, used 48671K [0x00000000a2c00000, 0x0000000100000000)
  region size 1024K, 28 young (28672K), 3 survivors (3072K)
 Metaspace       used 41721K, committed 42368K, reserved 1114112K
  class space    used 5533K, committed 5824K, reserved 1048576K
}
Event: 7.160 GC heap after
{Heap after GC invocations=13 (full 0):
 garbage-first heap   total reserved 1527808K, committed 58368K, used 25047K [0x00000000a2c00000, 0x0000000100000000)
  region size 1024K, 3 young (3072K), 3 survivors (3072K)
 Metaspace       used 41721K, committed 42368K, reserved 1114112K
  class space    used 5533K, committed 5824K, reserved 1048576K
}

